<?xml version='1.0' encoding='UTF-8'?>
<testsuite hostname="julia-ZenBook" name="RISCV.RV32I.SingleInstructionTests" tests="37" errors="0" failures="0" skipped="0" time="33.66" timestamp="2024-06-20T13:15:46">
          <properties>
      <property name="java.specification.version" value="21"/><property name="sun.jnu.encoding" value="UTF-8"/><property name="sun.arch.data.model" value="64"/><property name="java.vendor.url" value="https://ubuntu.com/"/><property name="sun.boot.library.path" value="/usr/lib/jvm/java-21-openjdk-amd64/lib"/><property name="sun.java.command" value="/home/julia/.cache/coursier/arc/https/github.com/sbt/sbt/releases/download/v1.10.0/sbt-1.10.0.zip/sbt/bin/sbt-launch.jar test"/><property name="jdk.debug" value="release"/><property name="java.specification.vendor" value="Oracle Corporation"/><property name="java.version.date" value="2024-04-16"/><property name="java.home" value="/usr/lib/jvm/java-21-openjdk-amd64"/><property name="file.separator" value="/"/><property name="java.vm.compressedOopsMode" value="32-bit"/><property name="line.separator" value="
"/><property name="java.vm.specification.vendor" value="Oracle Corporation"/><property name="java.specification.name" value="Java Platform API Specification"/><property name="sun.management.compiler" value="HotSpot 64-Bit Tiered Compilers"/><property name="java.runtime.version" value="21.0.3+9-Ubuntu-1ubuntu122.04.1"/><property name="user.name" value="julia"/><property name="log4j.ignoreTCL" value="true"/><property name="file.encoding" value="UTF-8"/><property name="jnidispatch.path" value="/home/julia/.cache/JNA/temp/jna387253659665249006.tmp"/><property name="jna.loaded" value="true"/><property name="java.io.tmpdir" value="/tmp"/><property name="java.version" value="21.0.3"/><property name="java.vm.specification.name" value="Java Virtual Machine Specification"/><property name="native.encoding" value="UTF-8"/><property name="java.library.path" value="/usr/java/packages/lib:/usr/lib/x86_64-linux-gnu/jni:/lib/x86_64-linux-gnu:/usr/lib/x86_64-linux-gnu:/usr/lib/jni:/lib:/usr/lib"/><property name="stderr.encoding" value="UTF-8"/><property name="java.vendor" value="Ubuntu"/><property name="scala.ext.dirs" value="/home/julia/.sbt/1.0/java9-rt-ext-ubuntu_21_0_3"/><property name="sun.io.unicode.encoding" value="UnicodeLittle"/><property name="java.class.path" value="/home/julia/.cache/coursier/arc/https/github.com/sbt/sbt/releases/download/v1.10.0/sbt-1.10.0.zip/sbt/bin/sbt-launch.jar"/><property name="java.vm.vendor" value="Ubuntu"/><property name="jline.shutdownhook" value="false"/><property name="user.timezone" value="Europe/Berlin"/><property name="java.vm.specification.version" value="21"/><property name="os.name" value="Linux"/><property name="sun.java.launcher" value="SUN_STANDARD"/><property name="user.country" value="DE"/><property name="sun.cpu.endian" value="little"/><property name="user.home" value="/home/julia"/><property name="user.language" value="de"/><property name="sbt.script" value="/home/julia/.cache/coursier/arc/https/github.com/sbt/sbt/releases/download/v1.10.0/sbt-1.10.0.zip/sbt/bin/sbt"/><property name="sbt.ipcsocket.tmpdir" value="/run/user/1000/.sbt56b432ef/ipcsocket"/><property name="swoval.tmpdir" value="/run/user/1000/.sbt56b432ef/swoval"/><property name="jline.esc.timeout" value="0"/><property name="stdout.encoding" value="UTF-8"/><property name="path.separator" value=":"/><property name="os.version" value="5.15.0-112-generic"/><property name="jna.nosys" value="true"/><property name="java.runtime.name" value="OpenJDK Runtime Environment"/><property name="java.vm.name" value="OpenJDK 64-Bit Server VM"/><property name="jna.platform.library.path" value="/usr/lib/x86_64-linux-gnu:/lib/x86_64-linux-gnu:/usr/lib64:/lib64:/usr/lib:/lib:/usr/lib/x86_64-linux-gnu/libfakeroot"/><property name="java.vendor.url.bug" value="https://bugs.launchpad.net/ubuntu/+source/openjdk-21"/><property name="user.dir" value="/home/julia/sysarch1"/><property name="os.arch" value="amd64"/><property name="java.vm.info" value="mixed mode, sharing"/><property name="java.vm.version" value="21.0.3+9-Ubuntu-1ubuntu122.04.1"/><property name="java.class.version" value="65.0"/>
    </properties>
          <testcase classname="RISCV.RV32I.SingleInstructionTests" name="should do a random addi" time="3.705">
                      
                    </testcase><testcase classname="RISCV.RV32I.SingleInstructionTests" name="should do a random slti" time="1.702">
                      
                    </testcase><testcase classname="RISCV.RV32I.SingleInstructionTests" name="should do a random sltiu" time="1.247">
                      
                    </testcase><testcase classname="RISCV.RV32I.SingleInstructionTests" name="should do a random andi" time="1.079">
                      
                    </testcase><testcase classname="RISCV.RV32I.SingleInstructionTests" name="should do a random ori" time="0.973">
                      
                    </testcase><testcase classname="RISCV.RV32I.SingleInstructionTests" name="should do a random xori" time="0.862">
                      
                    </testcase><testcase classname="RISCV.RV32I.SingleInstructionTests" name="should do a random slli" time="0.78">
                      
                    </testcase><testcase classname="RISCV.RV32I.SingleInstructionTests" name="should do a random srli" time="0.804">
                      
                    </testcase><testcase classname="RISCV.RV32I.SingleInstructionTests" name="should do a random srai" time="0.778">
                      
                    </testcase><testcase classname="RISCV.RV32I.SingleInstructionTests" name="should do a random lui" time="0.787">
                      
                    </testcase><testcase classname="RISCV.RV32I.SingleInstructionTests" name="should do a random auipc" time="0.754">
                      
                    </testcase><testcase classname="RISCV.RV32I.SingleInstructionTests" name="should do a random add" time="0.813">
                      
                    </testcase><testcase classname="RISCV.RV32I.SingleInstructionTests" name="should do a random sub" time="0.741">
                      
                    </testcase><testcase classname="RISCV.RV32I.SingleInstructionTests" name="should do a random sll" time="0.861">
                      
                    </testcase><testcase classname="RISCV.RV32I.SingleInstructionTests" name="should do a random slt" time="0.747">
                      
                    </testcase><testcase classname="RISCV.RV32I.SingleInstructionTests" name="should do a random sltu" time="0.751">
                      
                    </testcase><testcase classname="RISCV.RV32I.SingleInstructionTests" name="should do a random xor" time="0.716">
                      
                    </testcase><testcase classname="RISCV.RV32I.SingleInstructionTests" name="should do a random srl" time="0.719">
                      
                    </testcase><testcase classname="RISCV.RV32I.SingleInstructionTests" name="should do a random sra" time="0.701">
                      
                    </testcase><testcase classname="RISCV.RV32I.SingleInstructionTests" name="should do a random or" time="0.712">
                      
                    </testcase><testcase classname="RISCV.RV32I.SingleInstructionTests" name="should do a random and" time="0.695">
                      
                    </testcase><testcase classname="RISCV.RV32I.SingleInstructionTests" name="should do a random jal" time="0.717">
                      
                    </testcase><testcase classname="RISCV.RV32I.SingleInstructionTests" name="should do a random jalr" time="0.716">
                      
                    </testcase><testcase classname="RISCV.RV32I.SingleInstructionTests" name="should do a random beq" time="0.737">
                      
                    </testcase><testcase classname="RISCV.RV32I.SingleInstructionTests" name="should do a random bne" time="0.987">
                      
                    </testcase><testcase classname="RISCV.RV32I.SingleInstructionTests" name="should do a random blt" time="0.874">
                      
                    </testcase><testcase classname="RISCV.RV32I.SingleInstructionTests" name="should do a random bge" time="0.788">
                      
                    </testcase><testcase classname="RISCV.RV32I.SingleInstructionTests" name="should do a random bltu" time="0.759">
                      
                    </testcase><testcase classname="RISCV.RV32I.SingleInstructionTests" name="should do a random bgeu" time="0.747">
                      
                    </testcase><testcase classname="RISCV.RV32I.SingleInstructionTests" name="should do a random lb" time="0.752">
                      
                    </testcase><testcase classname="RISCV.RV32I.SingleInstructionTests" name="should do a random lh" time="0.791">
                      
                    </testcase><testcase classname="RISCV.RV32I.SingleInstructionTests" name="should do a random lw" time="0.819">
                      
                    </testcase><testcase classname="RISCV.RV32I.SingleInstructionTests" name="should do a random lbu" time="0.822">
                      
                    </testcase><testcase classname="RISCV.RV32I.SingleInstructionTests" name="should do a random lhu" time="0.845">
                      
                    </testcase><testcase classname="RISCV.RV32I.SingleInstructionTests" name="should do a random sb" time="0.767">
                      
                    </testcase><testcase classname="RISCV.RV32I.SingleInstructionTests" name="should do a random sh" time="0.802">
                      
                    </testcase><testcase classname="RISCV.RV32I.SingleInstructionTests" name="should do a random sw" time="0.81">
                      
                    </testcase>
          <system-out><![CDATA[]]></system-out>
          <system-err><![CDATA[]]></system-err>
        </testsuite>