<?xml version='1.0' encoding='UTF-8'?>
<testsuite hostname="julia-ZenBook" name="DividerTest" tests="1" errors="0" failures="1" skipped="0" time="0.304" timestamp="2024-06-13T11:46:49">
          <properties>
      <property name="java.specification.version" value="21"/><property name="sun.jnu.encoding" value="UTF-8"/><property name="sun.arch.data.model" value="64"/><property name="java.vendor.url" value="https://ubuntu.com/"/><property name="sun.boot.library.path" value="/usr/lib/jvm/java-21-openjdk-amd64/lib"/><property name="sun.java.command" value="/home/julia/.cache/coursier/arc/https/github.com/sbt/sbt/releases/download/v1.10.0/sbt-1.10.0.zip/sbt/bin/sbt-launch.jar test"/><property name="jdk.debug" value="release"/><property name="java.specification.vendor" value="Oracle Corporation"/><property name="java.version.date" value="2024-04-16"/><property name="java.home" value="/usr/lib/jvm/java-21-openjdk-amd64"/><property name="file.separator" value="/"/><property name="java.vm.compressedOopsMode" value="32-bit"/><property name="line.separator" value="
"/><property name="java.vm.specification.vendor" value="Oracle Corporation"/><property name="java.specification.name" value="Java Platform API Specification"/><property name="sun.management.compiler" value="HotSpot 64-Bit Tiered Compilers"/><property name="java.runtime.version" value="21.0.3+9-Ubuntu-1ubuntu122.04.1"/><property name="user.name" value="julia"/><property name="log4j.ignoreTCL" value="true"/><property name="file.encoding" value="UTF-8"/><property name="jnidispatch.path" value="/home/julia/.cache/JNA/temp/jna13469303820642003105.tmp"/><property name="jna.loaded" value="true"/><property name="java.io.tmpdir" value="/tmp"/><property name="java.version" value="21.0.3"/><property name="java.vm.specification.name" value="Java Virtual Machine Specification"/><property name="native.encoding" value="UTF-8"/><property name="java.library.path" value="/usr/java/packages/lib:/usr/lib/x86_64-linux-gnu/jni:/lib/x86_64-linux-gnu:/usr/lib/x86_64-linux-gnu:/usr/lib/jni:/lib:/usr/lib"/><property name="stderr.encoding" value="UTF-8"/><property name="java.vendor" value="Ubuntu"/><property name="scala.ext.dirs" value="/home/julia/.sbt/1.0/java9-rt-ext-ubuntu_21_0_3"/><property name="sun.io.unicode.encoding" value="UnicodeLittle"/><property name="java.class.path" value="/home/julia/.cache/coursier/arc/https/github.com/sbt/sbt/releases/download/v1.10.0/sbt-1.10.0.zip/sbt/bin/sbt-launch.jar"/><property name="java.vm.vendor" value="Ubuntu"/><property name="jline.shutdownhook" value="false"/><property name="user.timezone" value="Europe/Berlin"/><property name="java.vm.specification.version" value="21"/><property name="os.name" value="Linux"/><property name="sun.java.launcher" value="SUN_STANDARD"/><property name="user.country" value="DE"/><property name="sun.cpu.endian" value="little"/><property name="user.home" value="/home/julia"/><property name="user.language" value="de"/><property name="sbt.script" value="/home/julia/.cache/coursier/arc/https/github.com/sbt/sbt/releases/download/v1.10.0/sbt-1.10.0.zip/sbt/bin/sbt"/><property name="sbt.ipcsocket.tmpdir" value="/run/user/1000/.sbt56b432ef/ipcsocket"/><property name="swoval.tmpdir" value="/run/user/1000/.sbt56b432ef/swoval"/><property name="jline.esc.timeout" value="0"/><property name="stdout.encoding" value="UTF-8"/><property name="path.separator" value=":"/><property name="os.version" value="5.15.0-112-generic"/><property name="jna.nosys" value="true"/><property name="java.runtime.name" value="OpenJDK Runtime Environment"/><property name="java.vm.name" value="OpenJDK 64-Bit Server VM"/><property name="jna.platform.library.path" value="/usr/lib/x86_64-linux-gnu:/lib/x86_64-linux-gnu:/usr/lib64:/lib64:/usr/lib:/lib:/usr/lib/x86_64-linux-gnu/libfakeroot"/><property name="java.vendor.url.bug" value="https://bugs.launchpad.net/ubuntu/+source/openjdk-21"/><property name="user.dir" value="/home/julia/sysarch1"/><property name="os.arch" value="amd64"/><property name="java.vm.info" value="mixed mode, sharing"/><property name="java.vm.version" value="21.0.3+9-Ubuntu-1ubuntu122.04.1"/><property name="java.class.version" value="65.0"/>
    </properties>
          <testcase classname="DividerTest" name="Divider should correctly divide two numbers" time="0.304">
                      <failure message="an implementation is missing" type="scala.NotImplementedError">scala.NotImplementedError: an implementation is missing
	at ... ()
	at arithmetic.Divider.&lt;init&gt;(Divider.scala:20)
	at DividerTest.$anonfun$new$2(DividerTest.scala:71)
	at chisel3.Module$.evaluate(Module.scala:88)
	at chisel3.Module$.do_apply(Module.scala:35)
	at chisel3.stage.phases.Elaborate.$anonfun$transform$2(Elaborate.scala:48)
	at chisel3.internal.Builder$.$anonfun$buildImpl$1(Builder.scala:1023)
	at scala.util.DynamicVariable.withValue(DynamicVariable.scala:59)
	at chisel3.internal.Builder$.buildImpl(Builder.scala:1017)
	at chisel3.internal.Builder$.$anonfun$build$1(Builder.scala:1008)
	at logger.Logger$.$anonfun$makeScope$4(Logger.scala:148)
	at scala.util.DynamicVariable.withValue(DynamicVariable.scala:59)
	at logger.Logger$.makeScope(Logger.scala:146)
	at logger.Logger$.makeScope(Logger.scala:133)
	at ... ()
	at ... (Stack trace trimmed to user code only. Rerun with --full-stacktrace to see the full stack trace)
</failure>
                    </testcase>
          <system-out><![CDATA[]]></system-out>
          <system-err><![CDATA[]]></system-err>
        </testsuite>